<?xml version="1.0" encoding="UTF-8"?>
<testng-results ignored="0" total="1" passed="1" failed="0" skipped="0">
  <reporter-output>
  </reporter-output>
  <suite started-at="2021-06-24T21:26:57 IST" name="Default suite" finished-at="2021-06-24T21:27:00 IST" duration-ms="2282">
    <groups>
    </groups>
    <test started-at="2021-06-24T21:26:57 IST" name="Default test" finished-at="2021-06-24T21:27:00 IST" duration-ms="2282">
      <class name="com.test.rest_api.Parsing_json_Jira">
        <test-method signature="comments_filter()[pri:0, instance:com.test.rest_api.Parsing_json_Jira@56de5251]" started-at="2021-06-24T21:26:57 IST" name="comments_filter" finished-at="2021-06-24T21:27:00 IST" duration-ms="2241" status="PASS">
          <reporter-output>
          </reporter-output>
        </test-method> <!-- comments_filter -->
      </class> <!-- com.test.rest_api.Parsing_json_Jira -->
    </test> <!-- Default test -->
  </suite> <!-- Default suite -->
</testng-results>
