<?xml version="1.0" encoding="UTF-8"?>
<testng-results ignored="0" total="1" passed="1" failed="0" skipped="0">
  <reporter-output>
  </reporter-output>
  <suite started-at="2021-07-04T09:21:59 IST" name="Default suite" finished-at="2021-07-04T09:22:13 IST" duration-ms="13191">
    <groups>
    </groups>
    <test started-at="2021-07-04T09:21:59 IST" name="Default test" finished-at="2021-07-04T09:22:13 IST" duration-ms="13191">
      <class name="deserialize.oauth2_validations">
        <test-method signature="bookmyshow()[pri:1, instance:deserialize.oauth2_validations@5fbdfdcf]" started-at="2021-07-04T09:21:59 IST" name="bookmyshow" finished-at="2021-07-04T09:22:13 IST" duration-ms="13161" status="PASS">
          <reporter-output>
          </reporter-output>
        </test-method> <!-- bookmyshow -->
      </class> <!-- deserialize.oauth2_validations -->
    </test> <!-- Default test -->
  </suite> <!-- Default suite -->
</testng-results>
